Units and locations in library 'C:/git/jst_nxp_app/LIB/JST_BY_RELEASE_LIB_CENTRAL_DISPLAY.lib'
Unit name            size     from       to
Cdd_IIC_c.obj       25008    83727   108735
Cdd_Motor_c.obj     83600      127    83727

EXPORTED OBJECTS
Cdd_IIC_Get_Module_Speed_HHSS_ui16                       F   (Cdd_IIC_c.obj)
Cdd_IIC_Get_Module_Speed_MM_ui16                         F   (Cdd_IIC_c.obj)
Cdd_IIC_Get_Module_Speed_ui16                            F   (Cdd_IIC_c.obj)
Cdd_IIC_Get_Pos_HHSS                                     F   (Cdd_IIC_c.obj)
Cdd_IIC_Get_Pos_MM                                       F   (Cdd_IIC_c.obj)
Cdd_IIC_Get_Sign_Speed_HHSS_ui8                          F   (Cdd_IIC_c.obj)
Cdd_IIC_Get_Sign_Speed_MM_ui8                            F   (Cdd_IIC_c.obj)
Cdd_IIC_Get_Sign_Speed_ui8                               F   (Cdd_IIC_c.obj)
Cdd_IIC_Get_Speed_HHSS_si16                              F   (Cdd_IIC_c.obj)
Cdd_IIC_Get_Speed_HHSS_ui16                              F   (Cdd_IIC_c.obj)
Cdd_IIC_Get_Speed_MM_si16                                F   (Cdd_IIC_c.obj)
Cdd_IIC_Get_Speed_MM_ui16                                F   (Cdd_IIC_c.obj)
Cdd_IIC_Get_Speed_si16                                   F   (Cdd_IIC_c.obj)
Cdd_IIC_Get_Speed_ui16                                   F   (Cdd_IIC_c.obj)
Cdd_IIC_Init                                             F   (Cdd_IIC_c.obj)
Cdd_IIC_MainFunction                                     F   (Cdd_IIC_c.obj)
Cdd_IIC_Set_Pos_HHSS                                     F   (Cdd_IIC_c.obj)
Cdd_IIC_Set_Pos_MM                                       F   (Cdd_IIC_c.obj)
Cdd_IIC_Set_Speed_HHSS                                   F   (Cdd_IIC_c.obj)
Cdd_IIC_Set_Speed_MM                                     F   (Cdd_IIC_c.obj)
Cdd_Motor_Cfg_as                                         I   (Cdd_Motor_c.obj)
Cdd_Motor_ChangeDefaultFullStepCounter                   F   (Cdd_Motor_c.obj)
Cdd_Motor_GetDirection                                   F   (Cdd_Motor_c.obj)
Cdd_Motor_GetFullStepPositionAbsolute                    F   (Cdd_Motor_c.obj)
Cdd_Motor_GetFullStepPositionUsed                        F   (Cdd_Motor_c.obj)
Cdd_Motor_GetFullStepTargetFullPartAbsolute              F   (Cdd_Motor_c.obj)
Cdd_Motor_GetFullStepTargetUsed                          F   (Cdd_Motor_c.obj)
Cdd_Motor_GetMaximumFullStepUsed                         F   (Cdd_Motor_c.obj)
Cdd_Motor_GetPartStepPosition                            F   (Cdd_Motor_c.obj)
Cdd_Motor_GetPartStepTarget                              F   (Cdd_Motor_c.obj)
Cdd_Motor_GetPositionCurrentAbsolute                     F   (Cdd_Motor_c.obj)
Cdd_Motor_GetPositionCurrentUsed                         F   (Cdd_Motor_c.obj)
Cdd_Motor_GetPositionTargetAbsolute                      F   (Cdd_Motor_c.obj)
Cdd_Motor_GetPositionTargetUsed                          F   (Cdd_Motor_c.obj)
Cdd_Motor_GetStepMode                                    F   (Cdd_Motor_c.obj)
Cdd_Motor_GetUStepPosition                               F   (Cdd_Motor_c.obj)
Cdd_Motor_Init                                           F   (Cdd_Motor_c.obj)
Cdd_Motor_ReachedFinalPosition                           F   (Cdd_Motor_c.obj)
Cdd_Motor_RunDistance                                    F   (Cdd_Motor_c.obj)
Cdd_Motor_RunDistanceFullSteps                           F   (Cdd_Motor_c.obj)
Cdd_Motor_RunMotorISR                                    F   (Cdd_Motor_c.obj)
Cdd_Motor_RunMotorISR_HHSS                               F   (Cdd_Motor_c.obj)
Cdd_Motor_RunMotorISR_MM                                 F   (Cdd_Motor_c.obj)
Cdd_Motor_RunToFullStepPosition                          F   (Cdd_Motor_c.obj)
Cdd_Motor_RunToNextFullStep                              F   (Cdd_Motor_c.obj)
Cdd_Motor_RunToPosition                                  F   (Cdd_Motor_c.obj)
Cdd_Motor_RunToPositionAbsolute                          F   (Cdd_Motor_c.obj)
Cdd_Motor_SetDirectionReq                                F   (Cdd_Motor_c.obj)
Cdd_Motor_SetSpeedFac                                    F   (Cdd_Motor_c.obj)
Cdd_Motor_SetStepMode                                    F   (Cdd_Motor_c.obj)
Cdd_Motor_StopPWM                                        F   (Cdd_Motor_c.obj)
Cdd_Motor_ZD_CalibrateZeroToActivePosition               F   (Cdd_Motor_c.obj)
Cdd_Motor_ZD_CalibrateZeroToWindow                       F   (Cdd_Motor_c.obj)
Cdd_Motor_ZD_DeleteResult                                F   (Cdd_Motor_c.obj)
Cdd_Motor_ZD_DisableDetection                            F   (Cdd_Motor_c.obj)
Cdd_Motor_ZD_EnableDetection                             F   (Cdd_Motor_c.obj)
Cdd_Motor_ZD_GetDistanceZeroPositionAndLeftWindowEdge    F   (Cdd_Motor_c.obj)
Cdd_Motor_ZD_GetWindowSize                               F   (Cdd_Motor_c.obj)
Cdd_Motor_ZD_IsCurrentPositionInZeroWindow               F   (Cdd_Motor_c.obj)
Cdd_Motor_ZD_IsDetectionCompleteAndValid                 F   (Cdd_Motor_c.obj)
Cdd_Motor_ZD_IsDetectionEnabled                          F   (Cdd_Motor_c.obj)
Cdd_Motor_ZD_PerformWindowCheck                          F   (Cdd_Motor_c.obj)
Dio_WriteChannel                                         I   (Cdd_Motor_c.obj)
MCU                                                      O   (Cdd_Motor_c.obj)
Mtr_SetMotorInterrupt                                    I   (Cdd_Motor_c.obj)
update_Mtr_TimerCounterOverflowInterruptFp               I   (Cdd_Motor_c.obj)
