Units and locations in library 'C:/git/jst_nxp_app/LIB/LIB_CDD_CENTRAL_DISPLAY_DEBUG.lib'
Unit name                                       size     from       to
./COMMON_BSW/HAL/CDD/MOTOR/Cdd_Motor_c.obj     81360      122    81482

EXPORTED OBJECTS
Cdd_Motor_Cfg_as                                         I   (./COMMON_BSW/HAL/CDD/MOTOR/Cdd_Motor_c.obj)
Cdd_Motor_ChangeDefaultFullStepCounter                   F   (./COMMON_BSW/HAL/CDD/MOTOR/Cdd_Motor_c.obj)
Cdd_Motor_GetDirection                                   F   (./COMMON_BSW/HAL/CDD/MOTOR/Cdd_Motor_c.obj)
Cdd_Motor_GetFullStepPositionAbsolute                    F   (./COMMON_BSW/HAL/CDD/MOTOR/Cdd_Motor_c.obj)
Cdd_Motor_GetFullStepPositionUsed                        F   (./COMMON_BSW/HAL/CDD/MOTOR/Cdd_Motor_c.obj)
Cdd_Motor_GetFullStepTargetFullPartAbsolute              F   (./COMMON_BSW/HAL/CDD/MOTOR/Cdd_Motor_c.obj)
Cdd_Motor_GetFullStepTargetUsed                          F   (./COMMON_BSW/HAL/CDD/MOTOR/Cdd_Motor_c.obj)
Cdd_Motor_GetMaximumFullStepUsed                         F   (./COMMON_BSW/HAL/CDD/MOTOR/Cdd_Motor_c.obj)
Cdd_Motor_GetPartStepPosition                            F   (./COMMON_BSW/HAL/CDD/MOTOR/Cdd_Motor_c.obj)
Cdd_Motor_GetPartStepTarget                              F   (./COMMON_BSW/HAL/CDD/MOTOR/Cdd_Motor_c.obj)
Cdd_Motor_GetPositionCurrentAbsolute                     F   (./COMMON_BSW/HAL/CDD/MOTOR/Cdd_Motor_c.obj)
Cdd_Motor_GetPositionCurrentUsed                         F   (./COMMON_BSW/HAL/CDD/MOTOR/Cdd_Motor_c.obj)
Cdd_Motor_GetPositionTargetAbsolute                      F   (./COMMON_BSW/HAL/CDD/MOTOR/Cdd_Motor_c.obj)
Cdd_Motor_GetPositionTargetUsed                          F   (./COMMON_BSW/HAL/CDD/MOTOR/Cdd_Motor_c.obj)
Cdd_Motor_GetStepMode                                    F   (./COMMON_BSW/HAL/CDD/MOTOR/Cdd_Motor_c.obj)
Cdd_Motor_GetUStepPosition                               F   (./COMMON_BSW/HAL/CDD/MOTOR/Cdd_Motor_c.obj)
Cdd_Motor_Init                                           F   (./COMMON_BSW/HAL/CDD/MOTOR/Cdd_Motor_c.obj)
Cdd_Motor_ReachedFinalPosition                           F   (./COMMON_BSW/HAL/CDD/MOTOR/Cdd_Motor_c.obj)
Cdd_Motor_RunDistance                                    F   (./COMMON_BSW/HAL/CDD/MOTOR/Cdd_Motor_c.obj)
Cdd_Motor_RunDistanceFullSteps                           F   (./COMMON_BSW/HAL/CDD/MOTOR/Cdd_Motor_c.obj)
Cdd_Motor_RunMotorISR                                    F   (./COMMON_BSW/HAL/CDD/MOTOR/Cdd_Motor_c.obj)
Cdd_Motor_RunMotorISR_HHSS                               F   (./COMMON_BSW/HAL/CDD/MOTOR/Cdd_Motor_c.obj)
Cdd_Motor_RunMotorISR_MM                                 F   (./COMMON_BSW/HAL/CDD/MOTOR/Cdd_Motor_c.obj)
Cdd_Motor_RunToFullStepPosition                          F   (./COMMON_BSW/HAL/CDD/MOTOR/Cdd_Motor_c.obj)
Cdd_Motor_RunToNextFullStep                              F   (./COMMON_BSW/HAL/CDD/MOTOR/Cdd_Motor_c.obj)
Cdd_Motor_RunToPosition                                  F   (./COMMON_BSW/HAL/CDD/MOTOR/Cdd_Motor_c.obj)
Cdd_Motor_RunToPositionAbsolute                          F   (./COMMON_BSW/HAL/CDD/MOTOR/Cdd_Motor_c.obj)
Cdd_Motor_SetDirectionReq                                F   (./COMMON_BSW/HAL/CDD/MOTOR/Cdd_Motor_c.obj)
Cdd_Motor_SetSpeedFac                                    F   (./COMMON_BSW/HAL/CDD/MOTOR/Cdd_Motor_c.obj)
Cdd_Motor_SetStepMode                                    F   (./COMMON_BSW/HAL/CDD/MOTOR/Cdd_Motor_c.obj)
Cdd_Motor_StopPWM                                        F   (./COMMON_BSW/HAL/CDD/MOTOR/Cdd_Motor_c.obj)
Cdd_Motor_ZD_CalibrateZeroToActivePosition               F   (./COMMON_BSW/HAL/CDD/MOTOR/Cdd_Motor_c.obj)
Cdd_Motor_ZD_CalibrateZeroToWindow                       F   (./COMMON_BSW/HAL/CDD/MOTOR/Cdd_Motor_c.obj)
Cdd_Motor_ZD_DeleteResult                                F   (./COMMON_BSW/HAL/CDD/MOTOR/Cdd_Motor_c.obj)
Cdd_Motor_ZD_DisableDetection                            F   (./COMMON_BSW/HAL/CDD/MOTOR/Cdd_Motor_c.obj)
Cdd_Motor_ZD_EnableDetection                             F   (./COMMON_BSW/HAL/CDD/MOTOR/Cdd_Motor_c.obj)
Cdd_Motor_ZD_GetDistanceZeroPositionAndLeftWindowEdge    F   (./COMMON_BSW/HAL/CDD/MOTOR/Cdd_Motor_c.obj)
Cdd_Motor_ZD_GetWindowSize                               F   (./COMMON_BSW/HAL/CDD/MOTOR/Cdd_Motor_c.obj)
Cdd_Motor_ZD_IsCurrentPositionInZeroWindow               F   (./COMMON_BSW/HAL/CDD/MOTOR/Cdd_Motor_c.obj)
Cdd_Motor_ZD_IsDetectionCompleteAndValid                 F   (./COMMON_BSW/HAL/CDD/MOTOR/Cdd_Motor_c.obj)
Cdd_Motor_ZD_IsDetectionEnabled                          F   (./COMMON_BSW/HAL/CDD/MOTOR/Cdd_Motor_c.obj)
Cdd_Motor_ZD_PerformWindowCheck                          F   (./COMMON_BSW/HAL/CDD/MOTOR/Cdd_Motor_c.obj)
Mtr_SetMotorInterrupt                                    I   (./COMMON_BSW/HAL/CDD/MOTOR/Cdd_Motor_c.obj)
update_Mtr_TimerCounterOverflowInterruptFp               I   (./COMMON_BSW/HAL/CDD/MOTOR/Cdd_Motor_c.obj)
